\BOOKMARK [0][-]{dummy.1}{\376\377\000D\000e\000c\000l\000a\000r\000a\000t\000i\000o\000n\000\040\000o\000f\000\040\000A\000u\000t\000h\000o\000r\000s\000h\000i\000p}{}% 1
\BOOKMARK [0][-]{dummy.2}{\376\377\000A\000b\000s\000t\000r\000a\000c\000t}{}% 2
\BOOKMARK [0][-]{dummy.3}{\376\377\000A\000c\000k\000n\000o\000w\000l\000e\000d\000g\000e\000m\000e\000n\000t\000s}{}% 3
\BOOKMARK [0][-]{dummy.5}{\376\377\000L\000i\000s\000t\000\040\000o\000f\000\040\000F\000i\000g\000u\000r\000e\000s}{}% 4
\BOOKMARK [0][-]{dummy.7}{\376\377\000L\000i\000s\000t\000\040\000o\000f\000\040\000T\000a\000b\000l\000e\000s}{}% 5
\BOOKMARK [0][-]{dummy.9}{\376\377\000A\000b\000b\000r\000e\000v\000i\000a\000t\000i\000o\000n\000s}{}% 6
\BOOKMARK [0][-]{chapter.12}{\376\377\0001\000\040\000I\000n\000t\000r\000o\000d\000u\000c\000t\000i\000o\000n}{}% 7
\BOOKMARK [1][-]{section.13}{\376\377\0001\000.\0001\000\040\000P\000r\000o\000b\000l\000e\000m\000\040\000S\000t\000a\000t\000e\000m\000e\000n\000t}{chapter.12}% 8
\BOOKMARK [1][-]{section.14}{\376\377\0001\000.\0002\000\040\000O\000b\000j\000e\000c\000t\000i\000v\000e\000s}{chapter.12}% 9
\BOOKMARK [1][-]{section.15}{\376\377\0001\000.\0003\000\040\000T\000h\000e\000\040\000D\000a\000t\000a\000s\000e\000t}{chapter.12}% 10
\BOOKMARK [1][-]{section.16}{\376\377\0001\000.\0004\000\040\000S\000u\000c\000c\000e\000s\000s\000\040\000C\000r\000i\000t\000e\000r\000i\000a}{chapter.12}% 11
\BOOKMARK [1][-]{section.17}{\376\377\0001\000.\0005\000\040\000S\000t\000r\000u\000c\000t\000u\000r\000e}{chapter.12}% 12
\BOOKMARK [0][-]{chapter.18}{\376\377\0002\000\040\000R\000e\000v\000i\000e\000w}{}% 13
\BOOKMARK [1][-]{section.19}{\376\377\0002\000.\0001\000\040\000I\000s\000\040\000S\000t\000o\000c\000k\000\040\000M\000a\000r\000k\000e\000t\000\040\000R\000e\000a\000l\000l\000y\000\040\000P\000r\000e\000d\000i\000c\000t\000a\000b\000l\000e\000?}{chapter.18}% 14
\BOOKMARK [1][-]{section.20}{\376\377\0002\000.\0002\000\040\000T\000r\000a\000d\000i\000t\000i\000o\000n\000a\000l\000\040\000W\000a\000y\000s\000\040\000t\000o\000\040\000p\000r\000e\000d\000i\000c\000t\000\040\000s\000t\000o\000c\000k\000\040\000b\000e\000h\000a\000v\000i\000o\000r}{chapter.18}% 15
\BOOKMARK [0][-]{chapter.21}{\376\377\0003\000\040\000M\000a\000r\000k\000e\000t\000\040\000U\000n\000d\000e\000r\000s\000t\000a\000n\000d\000i\000n\000g\000\040\000a\000n\000d\000\040\000D\000a\000t\000a\000\040\000S\000e\000l\000e\000c\000t\000i\000o\000n}{}% 16
\BOOKMARK [1][-]{section.22}{\376\377\0003\000.\0001\000\040\000I\000n\000t\000r\000o\000d\000u\000c\000t\000i\000o\000n\000\040\000o\000f\000\040\000H\000o\000n\000g\000\040\000K\000o\000n\000g\000\040\000S\000t\000o\000c\000k\000\040\000E\000x\000c\000h\000a\000n\000g\000e\000\040\000m\000a\000r\000k\000e\000t}{chapter.21}% 17
\BOOKMARK [1][-]{section.25}{\376\377\0003\000.\0002\000\040\000D\000a\000t\000a\000\040\000S\000e\000l\000e\000c\000t\000i\000o\000n}{chapter.21}% 18
\BOOKMARK [2][-]{subsection.26}{\376\377\0003\000.\0002\000.\0001\000\040\000H\000i\000s\000t\000o\000r\000i\000c\000a\000l\000\040\000P\000r\000i\000c\000e}{section.25}% 19
\BOOKMARK [2][-]{subsection.27}{\376\377\0003\000.\0002\000.\0002\000\040\000T\000e\000c\000h\000n\000i\000c\000a\000l\000\040\000I\000n\000d\000i\000c\000a\000t\000o\000r}{section.25}% 20
\BOOKMARK [2][-]{subsection.28}{\376\377\0003\000.\0002\000.\0003\000\040\000H\000a\000n\000g\000\040\000S\000e\000n\000g\000\040\000I\000n\000t\000e\000r\000b\000a\000n\000k\000\040\000O\000f\000f\000e\000r\000e\000d\000\040\000R\000a\000t\000e\000\040\000\050\000H\000I\000B\000O\000R\000\051}{section.25}% 21
\BOOKMARK [2][-]{subsection.30}{\376\377\0003\000.\0002\000.\0004\000\040\000F\000o\000r\000e\000i\000g\000n\000\040\000e\000x\000c\000h\000a\000n\000g\000e\000\040\000r\000a\000t\000e}{section.25}% 22
\BOOKMARK [2][-]{subsection.31}{\376\377\0003\000.\0002\000.\0005\000\040\000o\000t\000h\000e\000r\000\040\000d\000a\000t\000a}{section.25}% 23
\BOOKMARK [0][-]{chapter.32}{\376\377\0004\000\040\000A\000p\000a\000c\000h\000e\000\040\000S\000p\000a\000r\000k}{}% 24
\BOOKMARK [1][-]{section.34}{\376\377\0004\000.\0001\000\040\000C\000o\000m\000p\000a\000r\000e\000\040\000w\000i\000t\000h\000\040\000H\000a\000d\000o\000o\000p\000\040\000M\000a\000p\000R\000e\000d\000u\000c\000e}{chapter.32}% 25
\BOOKMARK [1][-]{section.38}{\376\377\0004\000.\0002\000\040\000C\000o\000r\000e\000\040\000T\000e\000c\000h\000n\000o\000l\000o\000g\000y\000\040\000i\000n\000\040\000S\000p\000a\000r\000k\000r\000y\000z\000a\0002\0000\0001\0005\000a\000d\000v\000a\000n\000c\000e\000d}{chapter.32}% 26
\BOOKMARK [1][-]{section.48}{\376\377\0004\000.\0003\000\040\000S\000p\000a\000r\000k\000\040\000M\000a\000c\000h\000i\000n\000e\000\040\000L\000e\000a\000r\000n\000i\000n\000g\000\040\000L\000i\000b\000r\000a\000r\000y\000\040\000\050\000M\000L\000l\000i\000b\000\051\000a\000p\000a\000c\000h\000e\000s\000p\000a\000r\000k\000m\000l\000l\000i\000b}{chapter.32}% 27
\BOOKMARK [1][-]{section.49}{\376\377\0004\000.\0004\000\040\000S\000u\000m\000m\000a\000r\000y}{chapter.32}% 28
\BOOKMARK [0][-]{chapter.50}{\376\377\0005\000\040\000D\000a\000t\000a\000\040\000M\000i\000n\000i\000n\000g\000\040\000M\000e\000t\000h\000o\000d\000s}{}% 29
\BOOKMARK [1][-]{section.51}{\376\377\0005\000.\0001\000\040\000R\000e\000m\000o\000v\000e\000\040\000i\000n\000v\000a\000l\000i\000d\000\040\000o\000r\000\040\000m\000i\000s\000s\000i\000n\000g\000\040\000d\000a\000t\000a}{chapter.50}% 30
\BOOKMARK [1][-]{section.54}{\376\377\0005\000.\0002\000\040\000D\000a\000t\000a\000\040\000N\000o\000r\000m\000a\000l\000i\000z\000a\000t\000i\000o\000n}{chapter.50}% 31
\BOOKMARK [2][-]{subsection.55}{\376\377\0005\000.\0002\000.\0001\000\040\000M\000i\000n\000-\000M\000a\000x\000\040\000N\000o\000r\000m\000a\000l\000i\000z\000a\000t\000i\000o\000n\0004\000k\000a\000n\000t\000a\000r\000d\000z\000i\000c}{section.54}% 32
\BOOKMARK [2][-]{subsection.57}{\376\377\0005\000.\0002\000.\0002\000\040\000S\000t\000a\000n\000d\000a\000r\000d\000\040\000D\000e\000v\000i\000a\000t\000i\000o\000n\000\040\000N\000o\000r\000m\000a\000l\000i\000z\000a\000t\000i\000o\000n\0004\000k\000a\000n\000t\000a\000r\000d\000z\000i\000c}{section.54}% 33
\BOOKMARK [2][-]{subsection.59}{\376\377\0005\000.\0002\000.\0003\000\040\000S\000i\000g\000m\000o\000i\000d\000\040\000N\000o\000r\000m\000a\000l\000i\000z\000a\000t\000i\000o\000n\000n\000a\000y\000a\000k\0002\0000\0001\0004\000i\000m\000p\000a\000c\000t}{section.54}% 34
\BOOKMARK [1][-]{section.61}{\376\377\0005\000.\0003\000\040\000P\000r\000i\000n\000c\000i\000p\000a\000l\000\040\000C\000o\000m\000p\000o\000n\000e\000n\000t\000s\000\040\000A\000n\000a\000l\000y\000s\000i\000s}{chapter.50}% 35
\BOOKMARK [2][-]{subsection.62}{\376\377\0005\000.\0003\000.\0001\000\040\000P\000r\000o\000c\000e\000d\000u\000r\000e\000\040\000o\000f\000\040\000P\000C\000A\0004\000k\000a\000n\000t\000a\000r\000d\000z\000i\000c}{section.61}% 36
\BOOKMARK [1][-]{section.77}{\376\377\0005\000.\0004\000\040\000S\000u\000m\000m\000a\000r\000y}{chapter.50}% 37
\BOOKMARK [0][-]{chapter.78}{\376\377\0006\000\040\000S\000u\000p\000e\000r\000v\000i\000s\000e\000d\000\040\000L\000e\000a\000r\000n\000i\000n\000g\000\040\000M\000e\000t\000h\000o\000d}{}% 38
\BOOKMARK [1][-]{section.82}{\376\377\0006\000.\0001\000\040\000L\000i\000n\000e\000a\000r\000\040\000M\000o\000d\000e\000l}{chapter.78}% 39
\BOOKMARK [2][-]{subsection.83}{\376\377\0006\000.\0001\000.\0001\000\040\000L\000i\000n\000e\000a\000r\000\040\000R\000e\000g\000r\000e\000s\000s\000i\000o\000n}{section.82}% 40
\BOOKMARK [2][-]{subsection.92}{\376\377\0006\000.\0001\000.\0002\000\040\000L\000i\000n\000e\000a\000r\000\040\000S\000u\000p\000p\000o\000r\000t\000\040\000V\000e\000c\000t\000o\000r\000\040\000M\000a\000c\000h\000i\000n\000e\000s\000\040\000\050\000S\000V\000M\000s\000\051}{section.82}% 41
\BOOKMARK [2][-]{subsection.98}{\376\377\0006\000.\0001\000.\0003\000\040\000L\000o\000g\000i\000s\000t\000i\000c\000\040\000R\000e\000g\000r\000e\000s\000s\000i\000o\000n}{section.82}% 42
\BOOKMARK [1][-]{section.100}{\376\377\0006\000.\0002\000\040\000R\000a\000n\000d\000o\000m\000\040\000F\000o\000r\000e\000s\000t}{chapter.78}% 43
\BOOKMARK [1][-]{section.102}{\376\377\0006\000.\0003\000\040\000A\000r\000t\000i\000f\000i\000c\000i\000a\000l\000\040\000N\000e\000u\000r\000a\000l\000\040\000N\000e\000t\000w\000o\000r\000k}{chapter.78}% 44
\BOOKMARK [1][-]{section.115}{\376\377\0006\000.\0004\000\040\000S\000u\000m\000m\000a\000r\000y}{chapter.78}% 45
\BOOKMARK [0][-]{chapter.116}{\376\377\0007\000\040\000S\000y\000s\000t\000e\000m\000\040\000D\000e\000s\000i\000g\000n\000\040\000a\000n\000d\000\040\000E\000v\000a\000l\000u\000a\000t\000i\000o\000n\000\040\000M\000e\000t\000h\000o\000d}{}% 46
\BOOKMARK [1][-]{section.118}{\376\377\0007\000.\0001\000\040\000D\000a\000t\000a\000\040\000P\000r\000o\000c\000e\000s\000s\000i\000n\000g}{chapter.116}% 47
\BOOKMARK [1][-]{section.126}{\376\377\0007\000.\0002\000\040\000T\000r\000a\000i\000n\000i\000n\000g\000\040\000a\000n\000d\000\040\000P\000r\000e\000d\000i\000c\000t}{chapter.116}% 48
\BOOKMARK [1][-]{section.127}{\376\377\0007\000.\0003\000\040\000M\000o\000d\000e\000l\000\040\000E\000v\000a\000l\000u\000a\000t\000i\000o\000n}{chapter.116}% 49
\BOOKMARK [0][-]{chapter.135}{\376\377\0008\000\040\000S\000i\000m\000u\000l\000a\000t\000i\000o\000n\000\040\000D\000a\000t\000a\377\014\000P\000a\000r\000a\000m\000e\000t\000e\000r\000s\000\040\000a\000n\000d\000\040\000T\000e\000s\000t\000i\000n\000g\000\040\000E\000n\000v\000i\000r\000o\000n\000m\000e\000n\000t\000\040\000E\000v\000a\000l\000u\000a\000t\000i\000o\000n\000\040\000M\000e\000t\000h\000o\000d}{}% 50
\BOOKMARK [1][-]{section.136}{\376\377\0008\000.\0001\000\040\000R\000a\000w\000\040\000d\000a\000t\000a\000\040\000f\000o\000r\000\040\000t\000r\000a\000i\000n\000i\000n\000g}{chapter.135}% 51
\BOOKMARK [1][-]{section.137}{\376\377\0008\000.\0002\000\040\000D\000e\000t\000a\000i\000l\000\040\000P\000a\000r\000a\000m\000e\000t\000e\000r\000s\000\040\000o\000f\000\040\000e\000v\000e\000r\000y\000\040\000t\000r\000a\000i\000n\000i\000n\000g\000\040\000m\000e\000t\000h\000o\000d}{chapter.135}% 52
\BOOKMARK [1][-]{section.139}{\376\377\0008\000.\0003\000\040\000T\000e\000s\000t\000i\000n\000g\000\040\000E\000n\000v\000i\000r\000o\000n\000m\000e\000n\000t}{chapter.135}% 53
\BOOKMARK [0][-]{chapter.143}{\376\377\0009\000\040\000M\000o\000d\000e\000l\000\040\000A\000c\000c\000u\000r\000a\000c\000y\000\040\000R\000e\000s\000u\000l\000t\000\040\000f\000o\000r\000\040\000g\000i\000v\000e\000n\000\040\0001\000\040\000Y\000e\000a\000r\000\040\000\050\0002\0000\0001\0004\000\051}{}% 54
\BOOKMARK [1][-]{section.145}{\376\377\0009\000.\0001\000\040\000U\000s\000i\000n\000g\000\040\0004\000\040\000y\000e\000a\000r\000s\000\040\000h\000i\000s\000t\000o\000r\000i\000c\000a\000l\000\040\000d\000a\000t\000a}{chapter.143}% 55
\BOOKMARK [1][-]{section.148}{\376\377\0009\000.\0002\000\040\000U\000s\000i\000n\000g\000\040\0003\000\040\000y\000e\000a\000r\000s\000\040\000h\000i\000s\000t\000o\000r\000i\000c\000a\000l\000\040\000d\000a\000t\000a}{chapter.143}% 56
\BOOKMARK [1][-]{section.151}{\376\377\0009\000.\0003\000\040\000U\000s\000i\000n\000g\000\040\0002\000\040\000y\000e\000a\000r\000s\000\040\000h\000i\000s\000t\000o\000r\000i\000c\000a\000l\000\040\000d\000a\000t\000a}{chapter.143}% 57
\BOOKMARK [1][-]{section.154}{\376\377\0009\000.\0004\000\040\000U\000s\000i\000n\000g\000\040\0001\000\040\000y\000e\000a\000r\000\040\000h\000i\000s\000t\000o\000r\000i\000c\000a\000l\000\040\000d\000a\000t\000a}{chapter.143}% 58
\BOOKMARK [1][-]{section.181}{\376\377\0009\000.\0005\000\040\000S\000u\000m\000m\000a\000r\000y}{chapter.143}% 59
\BOOKMARK [0][-]{chapter.187}{\376\377\0001\0000\000\040\000F\000u\000r\000t\000h\000e\000r\000\040\000D\000i\000s\000c\000u\000s\000s\000\040\000o\000n\000\040\000p\000r\000e\000d\000i\000c\000t\000i\000o\000n\000\040\000m\000e\000t\000h\000o\000d}{}% 60
\BOOKMARK [1][-]{section.188}{\376\377\0001\0000\000.\0001\000\040\000D\000o\000e\000s\000\040\000S\000t\000o\000c\000k\000\040\000P\000r\000i\000c\000e\000\040\000h\000a\000v\000e\000\040\000e\000f\000f\000e\000c\000t\000s\000\040\000o\000n\000\040\000s\000t\000o\000c\000k\000\040\000p\000r\000e\000d\000i\000c\000t\000i\000o\000n\000\040\000r\000e\000s\000u\000l\000t\000s\000?}{chapter.187}% 61
\BOOKMARK [1][-]{section.191}{\376\377\0001\0000\000.\0002\000\040\000S\000t\000o\000c\000k\000\040\000P\000e\000r\000f\000o\000r\000m\000a\000n\000c\000e\000\040\000o\000n\000\040\000S\000p\000e\000c\000i\000f\000i\000c\000\040\000S\000t\000o\000c\000k\000s\000\040\000w\000i\000t\000h\000\040\000d\000i\000f\000f\000e\000r\000e\000n\000t\000\040\000t\000i\000m\000e\000\040\000p\000e\000r\000i\000o\000d}{chapter.187}% 62
\BOOKMARK [0][-]{chapter.192}{\376\377\0001\0001\000\040\000S\000p\000e\000e\000d\000\040\000R\000e\000s\000u\000l\000t}{}% 63
\BOOKMARK [0][-]{chapter.194}{\376\377\0001\0002\000\040\000C\000o\000n\000c\000l\000u\000s\000i\000o\000n}{}% 64
\BOOKMARK [1][-]{section.195}{\376\377\0001\0002\000.\0001\000\040\000A\000\040\000S\000e\000c\000t\000i\000o\000n}{chapter.194}% 65
\BOOKMARK [2][-]{subsection.196}{\376\377\0001\0002\000.\0001\000.\0001\000\040\000A\000\040\000S\000u\000b\000s\000e\000c\000t\000i\000o\000n}{section.195}% 66
\BOOKMARK [1][-]{section.197}{\376\377\0001\0002\000.\0002\000\040\000A\000n\000o\000t\000h\000e\000r\000\040\000S\000e\000c\000t\000i\000o\000n}{chapter.194}% 67
\BOOKMARK [0][-]{appendix.198}{\376\377\000A\000\040\000T\000e\000c\000h\000n\000i\000q\000u\000e\000\040\000I\000n\000d\000i\000c\000a\000t\000o\000r\000s}{}% 68
\BOOKMARK [1][-]{section.199}{\376\377\000A\000.\0001\000\040\000M\000o\000v\000i\000n\000g\000\040\000A\000v\000e\000r\000a\000g\000e\000\040\000\050\000M\000A\000\051\000k\000a\000h\000n\0002\0000\0000\0006\000t\000e\000c\000h\000n\000i\000c\000a\000l}{appendix.198}% 69
\BOOKMARK [2][-]{subsection.200}{\376\377\000A\000.\0001\000.\0001\000\040\000S\000i\000m\000p\000l\000e\000\040\000M\000o\000v\000i\000n\000g\000\040\000A\000v\000e\000r\000a\000g\000e\000\040\000\050\000S\000M\000A\000\051}{section.199}% 70
\BOOKMARK [2][-]{subsection.202}{\376\377\000A\000.\0001\000.\0002\000\040\000E\000x\000p\000o\000n\000e\000n\000t\000i\000a\000l\000\040\000M\000o\000v\000i\000n\000g\000\040\000A\000v\000e\000r\000a\000g\000e\000\040\000\050\000E\000M\000A\000\051}{section.199}% 71
\BOOKMARK [1][-]{section.205}{\376\377\000A\000.\0002\000\040\000R\000a\000t\000e\000\040\000o\000f\000\040\000C\000h\000a\000n\000g\000e\000\040\000\050\000R\000O\000C\000\051}{appendix.198}% 72
\BOOKMARK [1][-]{section.207}{\376\377\000A\000.\0003\000\040\000R\000e\000l\000a\000t\000i\000v\000e\000\040\000S\000t\000r\000e\000n\000g\000t\000h\000\040\000I\000n\000d\000e\000x\000\040\000\050\000R\000S\000I\000\051}{appendix.198}% 73
\BOOKMARK [1][-]{section.209}{\376\377\000A\000.\0004\000\040\000M\000o\000v\000i\000n\000g\000\040\000A\000v\000e\000r\000a\000g\000e\000\040\000C\000o\000n\000v\000e\000r\000g\000e\000n\000c\000e\000\040\000D\000i\000v\000e\000r\000g\000e\000n\000c\000e\000\040\000\050\000M\000A\000C\000D\000\051}{appendix.198}% 74
\BOOKMARK [0][-]{appendix.211}{\376\377\000B\000\040\000A\000l\000l\000\040\000R\000e\000s\000l\000u\000l\000t}{}% 75
\BOOKMARK [1][-]{section.212}{\376\377\000B\000.\0001\000\040\000U\000s\000i\000n\000g\000\040\0004\000\040\000y\000e\000a\000r\000\040\000h\000i\000s\000t\000o\000r\000i\000c\000a\000l\000\040\000d\000a\000t\000a}{appendix.211}% 76
\BOOKMARK [1][-]{section.219}{\376\377\000B\000.\0002\000\040\000U\000s\000i\000n\000g\000\040\0003\000\040\000y\000e\000a\000r\000\040\000h\000i\000s\000t\000o\000r\000i\000c\000a\000l\000\040\000d\000a\000t\000a}{appendix.211}% 77
\BOOKMARK [1][-]{section.226}{\376\377\000B\000.\0003\000\040\000U\000s\000i\000n\000g\000\040\0002\000\040\000y\000e\000a\000r\000\040\000h\000i\000s\000t\000o\000r\000i\000c\000a\000l\000\040\000d\000a\000t\000a}{appendix.211}% 78
\BOOKMARK [1][-]{section.233}{\376\377\000B\000.\0004\000\040\000U\000s\000i\000n\000g\000\040\0001\000\040\000y\000e\000a\000r\000\040\000h\000i\000s\000t\000o\000r\000i\000c\000a\000l\000\040\000d\000a\000t\000a}{appendix.211}% 79
\BOOKMARK [0][-]{appendix.240}{\376\377\000C\000\040\000I\000n\000t\000r\000o\000d\000u\000c\000t\000i\000o\000n\000\040\000o\000f\000\040\000c\000o\000m\000p\000a\000n\000y\000\040\000r\000e\000l\000a\000t\000e\000d\000\040\000i\000n\000\040\000t\000h\000i\000s\000\040\000d\000i\000s\000s\000e\000r\000t\000a\000t\000i\000o\000n}{}% 80
\BOOKMARK [1][-]{section.241}{\376\377\000C\000.\0001\000\040\000G\000r\000e\000a\000t\000e\000r\000\040\000C\000h\000i\000n\000a\000\040\000F\000i\000n\000a\000n\000c\000i\000a\000l\000\040\000H\000o\000l\000d\000i\000n\000g\000s\000\040\000L\000t\000d\000.}{appendix.240}% 81
\BOOKMARK [2][-]{section*.242}{\376\377\000S\000u\000m\000m\000a\000r\000y}{section.241}% 82
\BOOKMARK [1][-]{section.243}{\376\377\000C\000.\0002\000\040\000H\000u\000a\000j\000u\000n\000\040\000H\000o\000l\000d\000i\000n\000g\000s\000\040\000L\000t\000d\000.}{appendix.240}% 83
\BOOKMARK [2][-]{section*.244}{\376\377\000S\000u\000m\000m\000a\000r\000y}{section.243}% 84
\BOOKMARK [1][-]{section.245}{\376\377\000C\000.\0003\000\040\000K\000i\000n\000g\000w\000e\000l\000l\000\040\000G\000r\000o\000u\000p\000\040\000L\000t\000d\000.}{appendix.240}% 85
\BOOKMARK [2][-]{section*.246}{\376\377\000S\000u\000m\000m\000a\000r\000y}{section.245}% 86
\BOOKMARK [1][-]{section.247}{\376\377\000C\000.\0004\000\040\000G\000l\000o\000r\000i\000o\000u\000s\000\040\000P\000r\000o\000p\000e\000r\000t\000y\000\040\000H\000o\000l\000d\000i\000n\000g\000s\000\040\000L\000t\000d\000.}{appendix.240}% 87
\BOOKMARK [2][-]{section*.248}{\376\377\000S\000u\000m\000m\000a\000r\000y}{section.247}% 88
\BOOKMARK [1][-]{section.249}{\376\377\000C\000.\0005\000\040\000K\000i\000n\000g\000m\000a\000k\000e\000r\000\040\000F\000o\000o\000t\000w\000e\000a\000r\000\040\000H\000o\000l\000d\000i\000n\000g\000s\000\040\000L\000t\000d\000.}{appendix.240}% 89
\BOOKMARK [2][-]{section*.250}{\376\377\000S\000u\000m\000m\000a\000r\000y}{section.249}% 90
\BOOKMARK [1][-]{section.251}{\376\377\000C\000.\0006\000\040\000H\000K\000T\000\040\000T\000r\000u\000s\000t\000\040\000a\000n\000d\000\040\000H\000K\000T\000\040\000L\000t\000d\000.\000\040\000-\000\040\000S\000S}{appendix.240}% 91
\BOOKMARK [2][-]{section*.252}{\376\377\000S\000u\000m\000m\000a\000r\000y}{section.251}% 92
\BOOKMARK [1][-]{section.253}{\376\377\000C\000.\0007\000\040\000M\000T\000R\000\040\000C\000o\000r\000p\000o\000r\000a\000t\000i\000o\000n\000\040\000L\000t\000d\000.}{appendix.240}% 93
\BOOKMARK [2][-]{section*.254}{\376\377\000S\000u\000m\000m\000a\000r\000y}{section.253}% 94
\BOOKMARK [1][-]{section.255}{\376\377\000C\000.\0008\000\040\000H\000o\000p\000e\000w\000e\000l\000l\000\040\000H\000o\000l\000d\000i\000n\000g\000s\000\040\000L\000t\000d\000.}{appendix.240}% 95
\BOOKMARK [2][-]{section*.256}{\376\377\000S\000u\000m\000m\000a\000r\000y}{section.255}% 96
\BOOKMARK [1][-]{section.257}{\376\377\000C\000.\0009\000\040\000H\000a\000n\000g\000\040\000S\000e\000n\000g\000\040\000B\000a\000n\000k\000\040\000L\000t\000d\000.}{appendix.240}% 97
\BOOKMARK [2][-]{section*.258}{\376\377\000S\000u\000m\000m\000a\000r\000y}{section.257}% 98
\BOOKMARK [1][-]{section.259}{\376\377\000C\000.\0001\0000\000\040\000H\000e\000n\000d\000e\000r\000s\000o\000n\000\040\000L\000a\000n\000d\000\040\000D\000e\000v\000e\000l\000o\000p\000m\000e\000n\000t\000\040\000C\000o\000.\000\040\000L\000t\000d\000.}{appendix.240}% 99
\BOOKMARK [2][-]{section*.260}{\376\377\000S\000u\000m\000m\000a\000r\000y}{section.259}% 100
\BOOKMARK [1][-]{section.261}{\376\377\000C\000.\0001\0001\000\040\000H\000y\000s\000a\000n\000\040\000D\000e\000v\000e\000l\000o\000p\000m\000e\000n\000t\000\040\000C\000o\000.\000\040\000L\000t\000d\000.}{appendix.240}% 101
\BOOKMARK [2][-]{section*.262}{\376\377\000S\000u\000m\000m\000a\000r\000y}{section.261}% 102
\BOOKMARK [1][-]{section.263}{\376\377\000C\000.\0001\0002\000\040\000V\000a\000n\000t\000a\000g\000e\000\040\000I\000n\000t\000e\000r\000n\000a\000t\000i\000o\000n\000a\000l\000\040\000\050\000H\000o\000l\000d\000i\000n\000g\000s\000\051\000\040\000L\000t\000d\000.}{appendix.240}% 103
\BOOKMARK [2][-]{section*.264}{\376\377\000S\000u\000m\000m\000a\000r\000y}{section.263}% 104
\BOOKMARK [1][-]{section.265}{\376\377\000C\000.\0001\0003\000\040\000S\000u\000n\000\040\000H\000u\000n\000g\000\040\000K\000a\000i\000\040\000P\000r\000o\000p\000e\000r\000t\000i\000e\000s\000\040\000L\000t\000d\000.}{appendix.240}% 105
\BOOKMARK [2][-]{section*.266}{\376\377\000S\000u\000m\000m\000a\000r\000y}{section.265}% 106
\BOOKMARK [1][-]{section.267}{\376\377\000C\000.\0001\0004\000\040\000N\000e\000w\000\040\000W\000o\000r\000l\000d\000\040\000D\000e\000v\000e\000l\000o\000p\000m\000e\000n\000t\000\040\000C\000o\000.\000\040\000L\000t\000d\000.}{appendix.240}% 107
\BOOKMARK [2][-]{section*.268}{\376\377\000S\000u\000m\000m\000a\000r\000y}{section.267}% 108
\BOOKMARK [1][-]{section.269}{\376\377\000C\000.\0001\0005\000\040\000O\000r\000i\000e\000n\000t\000a\000l\000\040\000P\000r\000e\000s\000s\000\040\000G\000r\000o\000u\000p\000\040\000L\000t\000d\000.}{appendix.240}% 109
\BOOKMARK [2][-]{section*.270}{\376\377\000S\000u\000m\000m\000a\000r\000y}{section.269}% 110
\BOOKMARK [1][-]{section.271}{\376\377\000C\000.\0001\0006\000\040\000S\000w\000i\000r\000e\000\040\000P\000a\000c\000i\000f\000i\000c\000\040\000L\000t\000d\000.\000\040\000'\000A\000'}{appendix.240}% 111
\BOOKMARK [2][-]{section*.272}{\376\377\000S\000u\000m\000m\000a\000r\000y}{section.271}% 112
\BOOKMARK [1][-]{section.273}{\376\377\000C\000.\0001\0007\000\040\000W\000h\000e\000e\000l\000o\000c\000k\000\040\000a\000n\000d\000\040\000C\000o\000.\000\040\000L\000t\000d\000.}{appendix.240}% 113
\BOOKMARK [2][-]{section*.274}{\376\377\000S\000u\000m\000m\000a\000r\000y}{section.273}% 114
\BOOKMARK [1][-]{section.275}{\376\377\000C\000.\0001\0008\000\040\000G\000r\000e\000a\000t\000\040\000C\000h\000i\000n\000a\000\040\000P\000r\000o\000p\000e\000r\000t\000i\000e\000s\000\040\000H\000o\000l\000d\000i\000n\000g\000s\000\040\000L\000t\000d\000.}{appendix.240}% 115
\BOOKMARK [2][-]{section*.276}{\376\377\000S\000u\000m\000m\000a\000r\000y}{section.275}% 116
\BOOKMARK [1][-]{section.277}{\376\377\000C\000.\0001\0009\000\040\000M\000e\000x\000a\000n\000\040\000L\000t\000d\000.}{appendix.240}% 117
\BOOKMARK [2][-]{section*.278}{\376\377\000S\000u\000m\000m\000a\000r\000y}{section.277}% 118
\BOOKMARK [1][-]{section.279}{\376\377\000C\000.\0002\0000\000\040\000B\000a\000n\000k\000\040\000o\000f\000\040\000E\000a\000s\000t\000\040\000A\000s\000i\000a\000,\000\040\000L\000t\000d\000.\000,\000\040\000T\000h\000e}{appendix.240}% 119
\BOOKMARK [2][-]{section*.280}{\376\377\000S\000u\000m\000m\000a\000r\000y}{section.279}% 120
\BOOKMARK [1][-]{section.281}{\376\377\000C\000.\0002\0001\000\040\000B\000u\000r\000w\000i\000l\000l\000\040\000H\000o\000l\000d\000i\000n\000g\000s\000\040\000L\000t\000d\000.}{appendix.240}% 121
\BOOKMARK [2][-]{section*.282}{\376\377\000S\000u\000m\000m\000a\000r\000y}{section.281}% 122
\BOOKMARK [1][-]{section.283}{\376\377\000C\000.\0002\0002\000\040\000C\000h\000e\000v\000a\000l\000i\000e\000r\000\040\000I\000n\000t\000e\000r\000n\000a\000t\000i\000o\000n\000a\000l\000\040\000H\000o\000l\000d\000i\000n\000g\000s\000\040\000L\000t\000d\000.}{appendix.240}% 123
\BOOKMARK [2][-]{section*.284}{\376\377\000S\000u\000m\000m\000a\000r\000y}{section.283}% 124
\BOOKMARK [1][-]{section.285}{\376\377\000C\000.\0002\0003\000\040\000C\000h\000i\000n\000a\000\040\000M\000o\000t\000o\000r\000\040\000B\000u\000s\000\040\000C\000o\000.\000,\000\040\000L\000t\000d\000.}{appendix.240}% 125
\BOOKMARK [2][-]{section*.286}{\376\377\000S\000u\000m\000m\000a\000r\000y}{section.285}% 126
\BOOKMARK [1][-]{section.287}{\376\377\000C\000.\0002\0004\000\040\000G\000a\000l\000a\000x\000y\000\040\000E\000n\000t\000e\000r\000t\000a\000i\000n\000m\000e\000n\000t\000\040\000G\000r\000o\000u\000p\000\040\000L\000t\000d\000.}{appendix.240}% 127
\BOOKMARK [2][-]{section*.288}{\376\377\000S\000u\000m\000m\000a\000r\000y}{section.287}% 128
\BOOKMARK [1][-]{section.289}{\376\377\000C\000.\0002\0005\000\040\000T\000i\000a\000n\000\040\000A\000n\000\040\000C\000h\000i\000n\000a\000\040\000I\000n\000v\000e\000s\000t\000m\000e\000n\000t\000s\000\040\000C\000o\000.\000\040\000L\000t\000d\000.}{appendix.240}% 129
\BOOKMARK [2][-]{section*.290}{\376\377\000S\000u\000m\000m\000a\000r\000y}{section.289}% 130
\BOOKMARK [1][-]{section.291}{\376\377\000C\000.\0002\0006\000\040\000D\000y\000n\000a\000m\000i\000c\000\040\000H\000o\000l\000d\000i\000n\000g\000s\000\040\000L\000t\000d\000.}{appendix.240}% 131
\BOOKMARK [2][-]{section*.292}{\376\377\000S\000u\000m\000m\000a\000r\000y}{section.291}% 132
\BOOKMARK [1][-]{section.293}{\376\377\000C\000.\0002\0007\000\040\000B\000a\000n\000\040\000L\000o\000o\000n\000g\000\040\000H\000o\000l\000d\000i\000n\000g\000s\000\040\000L\000t\000d\000.}{appendix.240}% 133
\BOOKMARK [2][-]{section*.294}{\376\377\000S\000u\000m\000m\000a\000r\000y}{section.293}% 134
\BOOKMARK [1][-]{section.295}{\376\377\000C\000.\0002\0008\000\040\000C\000h\000i\000n\000a\000\040\000A\000e\000r\000o\000s\000p\000a\000c\000e\000\040\000I\000n\000t\000e\000r\000n\000a\000t\000i\000o\000n\000a\000l\000\040\000H\000o\000l\000d\000i\000n\000g\000s\000\040\000L\000t\000d\000.}{appendix.240}% 135
\BOOKMARK [2][-]{section*.296}{\376\377\000S\000u\000m\000m\000a\000r\000y}{section.295}% 136
\BOOKMARK [1][-]{section.297}{\376\377\000C\000.\0002\0009\000\040\000C\000r\000o\000s\000s\000-\000H\000a\000r\000b\000o\000u\000r\000\040\000\050\000H\000o\000l\000d\000i\000n\000g\000s\000\051\000\040\000L\000t\000d\000.\000,\000\040\000T\000h\000e}{appendix.240}% 137
\BOOKMARK [2][-]{section*.298}{\376\377\000S\000u\000m\000m\000a\000r\000y}{section.297}% 138
\BOOKMARK [1][-]{section.299}{\376\377\000C\000.\0003\0000\000\040\000T\000e\000n\000c\000e\000n\000t\000\040\000H\000o\000l\000d\000i\000n\000g\000s\000\040\000L\000t\000d\000.}{appendix.240}% 139
\BOOKMARK [2][-]{section*.300}{\376\377\000S\000u\000m\000m\000a\000r\000y}{section.299}% 140
\BOOKMARK [1][-]{section.301}{\376\377\000C\000.\0003\0001\000\040\000K\000o\000w\000l\000o\000o\000n\000\040\000D\000e\000v\000e\000l\000o\000p\000m\000e\000n\000t\000\040\000C\000o\000.\000\040\000L\000t\000d\000.}{appendix.240}% 141
\BOOKMARK [2][-]{section*.302}{\376\377\000S\000u\000m\000m\000a\000r\000y}{section.301}% 142
\BOOKMARK [1][-]{section.303}{\376\377\000C\000.\0003\0002\000\040\000F\000a\000r\000\040\000E\000a\000s\000t\000\040\000C\000o\000n\000s\000o\000r\000t\000i\000u\000m\000\040\000I\000n\000t\000e\000r\000n\000a\000t\000i\000o\000n\000a\000l\000\040\000L\000t\000d\000.}{appendix.240}% 143
\BOOKMARK [2][-]{section*.304}{\376\377\000S\000u\000m\000m\000a\000r\000y}{section.303}% 144
\BOOKMARK [1][-]{section.305}{\376\377\000C\000.\0003\0003\000\040\000L\000e\000e\000\040\000H\000i\000n\000g\000\040\000D\000e\000v\000e\000l\000o\000p\000m\000e\000n\000t\000\040\000L\000t\000d\000.}{appendix.240}% 145
\BOOKMARK [2][-]{section*.306}{\376\377\000S\000u\000m\000m\000a\000r\000y}{section.305}% 146
\BOOKMARK [1][-]{section.307}{\376\377\000C\000.\0003\0004\000\040\000F\000i\000r\000s\000t\000\040\000T\000r\000a\000c\000t\000o\000r\000\040\000C\000o\000\040\000L\000t\000d\000.\000\040\000-\000\040\000H\000\040\000S\000h\000a\000r\000e\000s}{appendix.240}% 147
\BOOKMARK [2][-]{section*.308}{\376\377\000S\000u\000m\000m\000a\000r\000y}{section.307}% 148
\BOOKMARK [1][-]{section.309}{\376\377\000C\000.\0003\0005\000\040\000C\000h\000i\000n\000a\000\040\000B\000e\000i\000d\000a\000h\000u\000a\000n\000g\000\040\000I\000n\000d\000u\000s\000t\000r\000y\000\040\000G\000r\000o\000u\000p\000\040\000H\000o\000l\000d\000i\000n\000g\000s\000\040\000L\000t\000d\000.}{appendix.240}% 149
\BOOKMARK [2][-]{section*.310}{\376\377\000S\000u\000m\000m\000a\000r\000y}{section.309}% 150
\BOOKMARK [1][-]{section.311}{\376\377\000C\000.\0003\0006\000\040\000G\000o\000l\000d\000\040\000P\000e\000a\000k\000\040\000I\000n\000d\000u\000s\000t\000r\000i\000e\000s\000\040\000\050\000H\000o\000l\000d\000i\000n\000g\000s\000\051\000\040\000L\000t\000d\000.}{appendix.240}% 151
\BOOKMARK [2][-]{section*.312}{\376\377\000S\000u\000m\000m\000a\000r\000y}{section.311}% 152
\BOOKMARK [1][-]{section.313}{\376\377\000C\000.\0003\0007\000\040\000C\000K\000\040\000H\000u\000t\000c\000h\000i\000s\000o\000n\000\040\000H\000o\000l\000d\000i\000n\000g\000s\000\040\000L\000t\000d\000.}{appendix.240}% 153
\BOOKMARK [2][-]{section*.314}{\376\377\000S\000u\000m\000m\000a\000r\000y}{section.313}% 154
\BOOKMARK [1][-]{section.315}{\376\377\000C\000.\0003\0008\000\040\000C\000L\000P\000\040\000H\000o\000l\000d\000i\000n\000g\000s\000\040\000L\000t\000d\000.}{appendix.240}% 155
\BOOKMARK [2][-]{section*.316}{\376\377\000S\000u\000m\000m\000a\000r\000y}{section.315}% 156
\BOOKMARK [1][-]{section.317}{\376\377\000C\000.\0003\0009\000\040\000H\000o\000n\000g\000\040\000K\000o\000n\000g\000\040\000a\000n\000d\000\040\000C\000h\000i\000n\000a\000\040\000G\000a\000s\000\040\000C\000o\000.\000\040\000L\000t\000d\000.\000,\000\040\000T\000h\000e}{appendix.240}% 157
\BOOKMARK [2][-]{section*.318}{\376\377\000S\000u\000m\000m\000a\000r\000y}{section.317}% 158
\BOOKMARK [1][-]{section.319}{\376\377\000C\000.\0004\0000\000\040\000W\000h\000a\000r\000f\000\040\000\050\000H\000o\000l\000d\000i\000n\000g\000s\000\051\000\040\000L\000t\000d\000.\000,\000\040\000T\000h\000e}{appendix.240}% 159
\BOOKMARK [2][-]{section*.320}{\376\377\000S\000u\000m\000m\000a\000r\000y}{section.319}% 160
\BOOKMARK [1][-]{section.321}{\376\377\000C\000.\0004\0001\000\040\000H\000S\000B\000C\000\040\000H\000o\000l\000d\000i\000n\000g\000s\000\040\000p\000l\000c}{appendix.240}% 161
\BOOKMARK [2][-]{section*.322}{\376\377\000S\000u\000m\000m\000a\000r\000y}{section.321}% 162
\BOOKMARK [1][-]{section.323}{\376\377\000C\000.\0004\0002\000\040\000P\000o\000w\000e\000r\000\040\000A\000s\000s\000e\000t\000s\000\040\000H\000o\000l\000d\000i\000n\000g\000s\000\040\000L\000t\000d\000.}{appendix.240}% 163
\BOOKMARK [2][-]{section*.324}{\376\377\000S\000u\000m\000m\000a\000r\000y}{section.323}% 164
\BOOKMARK [1][-]{section.325}{\376\377\000C\000.\0004\0003\000\040\000H\000o\000i\000f\000u\000\040\000E\000n\000e\000r\000g\000y\000\040\000G\000r\000o\000u\000p\000\040\000L\000t\000d\000.}{appendix.240}% 165
\BOOKMARK [2][-]{section*.326}{\376\377\000S\000u\000m\000m\000a\000r\000y}{section.325}% 166
\BOOKMARK [1][-]{section.327}{\376\377\000C\000.\0004\0004\000\040\000P\000C\000C\000W\000\040\000L\000t\000d\000.}{appendix.240}% 167
\BOOKMARK [2][-]{section*.328}{\376\377\000S\000u\000m\000m\000a\000r\000y}{section.327}% 168
\BOOKMARK [1][-]{section.329}{\376\377\000C\000.\0004\0005\000\040\000N\000i\000n\000e\000\040\000E\000x\000p\000r\000e\000s\000s\000\040\000L\000t\000d\000.}{appendix.240}% 169
\BOOKMARK [0][-]{dummy.330}{\376\377\000B\000i\000b\000l\000i\000o\000g\000r\000a\000p\000h\000y}{}% 170
